src/database/secure-database-adapter.ts(337,11): error TS6133: '_processDataForStorage' is declared but its value is never read.
src/database/secure-database-adapter.ts(356,11): error TS6133: '_processDataFromStorage' is declared but its value is never read.
src/middleware/file-upload-validation.middleware.ts(15,1): error TS6133: 'ValidationError' is declared but its value is never read.
src/middleware/file-upload-validation.middleware.ts(18,3): error TS6133: 'SecureStringSchema' is declared but its value is never read.
src/middleware/file-upload-validation.middleware.ts(19,3): error TS6133: 'customValidators' is declared but its value is never read.
src/middleware/file-upload-validation.middleware.ts(23,1): error TS6133: 'securityService' is declared but its value is never read.
src/middleware/file-upload-validation.middleware.ts(204,11): error TS6133: 'uploadStats' is declared but its value is never read.
src/middleware/file-upload-validation.middleware.ts(562,5): error TS6133: 'mimetype' is declared but its value is never read.
src/middleware/file-upload-validation.middleware.ts(563,5): error TS6133: 'extension' is declared but its value is never read.
src/middleware/file-upload-validation.middleware.ts(712,5): error TS6133: 'filename' is declared but its value is never read.
src/middleware/security-headers.middleware.ts(13,1): error TS6133: 'cryptoService' is declared but its value is never read.
src/middleware/security-headers.middleware.ts(499,37): error TS6133: 'url' is declared but its value is never read.
src/middleware/security.middleware.ts(456,3): error TS6133: 'maxSizeBytes' is declared but its value is never read.
src/middleware/validation.middleware.ts(19,1): error TS6133: 'logger' is declared but its value is never read.
src/plugins/sandbox/enhanced-plugin-sandbox.ts(16,1): error TS6133: 'os' is declared but its value is never read.
src/plugins/sandbox/enhanced-plugin-sandbox.ts(956,5): error TS6133: 'pluginName' is declared but its value is never read.
src/plugins/sandbox/enhanced-plugin-sandbox.ts(1198,5): error TS6133: 'context' is declared but its value is never read.
src/plugins/sandbox/enhanced-plugin-sandbox.ts(1199,5): error TS6133: 'executionId' is declared but its value is never read.
src/plugins/sandbox/enhanced-plugin-sandbox.ts(1200,5): error TS6133: 'config' is declared but its value is never read.
src/plugins/sandbox/enhanced-plugin-sandbox.ts(1336,5): error TS6133: 'config' is declared but its value is never read.
src/plugins/sandbox/enhanced-plugin-sandbox.ts(1380,5): error TS6133: 'options' is declared but its value is never read.
src/plugins/secure-plugin-manager.ts(23,3): error TS6133: 'EnhancedValidator' is declared but its value is never read.
src/plugins/secure-plugin-manager.ts(24,3): error TS6133: 'PluginConfigSchema' is declared but its value is never read.
src/plugins/secure-plugin-manager.ts(78,5): error TS6133: 'context' is declared but its value is never read.
src/plugins/secure-plugin-manager.ts(572,11): error TS6133: 'createResourceMonitor' is declared but its value is never read.
src/plugins/secure-plugin-manager.ts(617,17): error TS6133: 'loadPluginSecurely' is declared but its value is never read.
src/plugins/security/code-analyzer.ts(449,5): error TS6133: 'path' is declared but its value is never read.
src/plugins/security/code-analyzer.ts(520,5): error TS6133: 'path' is declared but its value is never read.
src/plugins/security/code-analyzer.ts(588,5): error TS6133: 'path' is declared but its value is never read.
src/plugins/security/code-analyzer.ts(619,5): error TS6133: 'path' is declared but its value is never read.
src/plugins/security/code-analyzer.ts(643,5): error TS6133: 'path' is declared but its value is never read.
src/plugins/security/code-analyzer.ts(672,5): error TS6133: 'path' is declared but its value is never read.
src/plugins/security/emergency-controller.ts(482,19): error TS6133: 'executionId' is declared but its value is never read.
src/plugins/security/permission-manager.ts(1131,40): error TS6133: 'executionId' is declared but its value is never read.
src/plugins/security/permission-manager.ts(1163,5): error TS6133: 'justification' is declared but its value is never read.
src/plugins/security/resource-monitor.ts(13,1): error TS6133: 'path' is declared but its value is never read.
src/plugins/security/resource-monitor.ts(746,32): error TS6133: 'executionId' is declared but its value is never read.
src/plugins/security/resource-monitor.ts(754,33): error TS6133: 'executionId' is declared but its value is never read.
src/plugins/security/resource-monitor.ts(770,33): error TS6133: 'executionId' is declared but its value is never read.
src/plugins/security/resource-monitor.ts(778,34): error TS6133: 'executionId' is declared but its value is never read.
src/plugins/security/security-test-suite.ts(15,24): error TS6133: 'CodeAnalysisResult' is declared but its value is never read.
src/plugins/security/security-test-suite.ts(18,3): error TS6133: 'SignatureVerificationResult' is declared but its value is never read.
src/plugins/security/security-test-suite.ts(928,13): error TS6133: 'result' is declared but its value is never read.
src/plugins/security/security-test-suite.ts(1235,13): error TS6133: 'result' is declared but its value is never read.
src/security/audit-logger.service.ts(14,1): error TS6133: 'securityService' is declared but its value is never read.
src/security/audit-logger.service.ts(951,11): error TS6133: 'timeWindow' is declared but its value is never read.
src/security/file-encryption.service.ts(312,26): error TS6133: 'encoding' is declared but its value is never read.
src/security/file-encryption.service.ts(403,34): error TS6133: 'metadata' is declared but its value is never read.
src/security/index.ts(516,3): error TS6133: 'options' is declared but its value is never read.
src/security/policy-engine.service.ts(13,1): error TS6133: 'rbacManager' is declared but its value is never read.
src/security/rbac-manager.service.ts(13,1): error TS6133: 'securityService' is declared but its value is never read.
src/security/rbac-manager.service.ts(796,11): error TS6133: 'totalUsers' is declared but its value is never read.
src/security/role-based-rate-limiter.ts(13,1): error TS6133: 'rbacManager' is declared but its value is never read.
src/security/role-based-rate-limiter.ts(18,3): error TS6133: 'IRateLimitStore' is declared but its value is never read.
src/security/role-based-rate-limiter.ts(19,3): error TS6133: 'MemoryRateLimitStore' is declared but its value is never read.
src/security/role-based-rate-limiter.ts(449,5): error TS6133: 'ipAddress' is declared but its value is never read.
src/security/role-based-rate-limiter.ts(450,5): error TS6133: 'resource' is declared but its value is never read.
src/security/role-based-rate-limiter.ts(480,5): error TS6133: 'result' is declared but its value is never read.
src/security/role-based-rate-limiter.ts(533,5): error TS6133: 'result' is declared but its value is never read.
src/security/role-based-rate-limiter.ts(556,5): error TS6133: 'context' is declared but its value is never read.
src/security/role-based-rate-limiter.ts(580,5): error TS6133: 'context' is declared but its value is never read.
src/security/security-audit.ts(11,1): error TS6133: 'z' is declared but its value is never read.
src/security/security-audit.ts(19,1): error TS6133: 'fileUploadValidationMiddleware' is declared but its value is never read.
src/security/security-audit.ts(590,54): error TS6133: 'category' is declared but its value is never read.
src/security/session-manager.service.ts(13,1): error TS6133: 'securityService' is declared but its value is never read.
src/security/session-manager.service.ts(552,53): error TS6133: 'clientInfo' is declared but its value is never read.
src/security/session-manager.service.ts(613,13): error TS6133: 'recentActivities' is declared but its value is never read.
